NEW - BASE/app/build/intermediates/manifest_merge_blame_file/debug/manifest-merger-blame-debug-report.txt
1<?xml version="1.0" encoding="utf-8"?>
2<manifest xmlns:android="http://schemas.android.com/apk/res/android"
3    package="com.covidscape.app"
4    android:versionCode="1"
5    android:versionName="1.0" >
6
7    <uses-sdk
8        android:minSdkVersion="26"
8-->src\main\AndroidManifest.xml
9        android:targetSdkVersion="30" />
9-->src\main\AndroidManifest.xml
10
11    <uses-permission android:name="android.permission.INTERNET" />
11-->[com.google.firebase:firebase-auth:21.0.1] AndroidManifest.xml:23:5-67
11-->[com.google.firebase:firebase-auth:21.0.1] AndroidManifest.xml:23:22-64
12    <uses-permission android:name="android.permission.ACCESS_NETWORK_STATE" />
12-->[com.google.firebase:firebase-auth:21.0.1] AndroidManifest.xml:24:5-79
12-->[com.google.firebase:firebase-auth:21.0.1] AndroidManifest.xml:24:22-76
13
14    <application
14-->src\main\AndroidManifest.xml:5:5-23:19
15        android:allowBackup="true"
15-->src\main\AndroidManifest.xml:6:9-35
16        android:appComponentFactory="androidx.core.app.CoreComponentFactory"
16-->[androidx.core:core:1.3.1] AndroidManifest.xml:24:18-86
17        android:debuggable="true"
18        android:extractNativeLibs="false"
19        android:icon="@mipmap/ic_launcher"
19-->src\main\AndroidManifest.xml:7:9-43
20        android:label="@string/app_name"
20-->src\main\AndroidManifest.xml:8:9-41
21        android:roundIcon="@mipmap/ic_launcher_round"
21-->src\main\AndroidManifest.xml:9:9-54
22        android:supportsRtl="true"
22-->src\main\AndroidManifest.xml:10:9-35
23        android:testOnly="true"
24        android:theme="@style/Theme.Covidscape" >
24-->src\main\AndroidManifest.xml:11:9-48
25        <activity android:name="com.covidscape.app.reset_pass" />
25-->src\main\AndroidManifest.xml:12:9-57
25-->src\main\AndroidManifest.xml:12:19-45
26        <activity android:name="com.covidscape.app.home" />
26-->src\main\AndroidManifest.xml:13:9-42
26-->src\main\AndroidManifest.xml:13:19-39
27        <activity android:name="com.covidscape.app.signup" />
27-->src\main\AndroidManifest.xml:14:9-44
27-->src\main\AndroidManifest.xml:14:19-41
28        <activity android:name="com.covidscape.app.login" />
28-->src\main\AndroidManifest.xml:15:9-43
28-->src\main\AndroidManifest.xml:15:19-40
29        <activity android:name="com.covidscape.app.MainActivity" >
29-->src\main\AndroidManifest.xml:16:9-22:20
29-->src\main\AndroidManifest.xml:16:19-47
30            <intent-filter>
30-->src\main\AndroidManifest.xml:17:13-21:29
31                <action android:name="android.intent.action.MAIN" />
31-->src\main\AndroidManifest.xml:18:17-69
31-->src\main\AndroidManifest.xml:18:25-66
32
33                <category android:name="android.intent.category.LAUNCHER" />
33-->src\main\AndroidManifest.xml:20:17-77
33-->src\main\AndroidManifest.xml:20:27-74
34            </intent-filter>
35        </activity>
36        <activity
36-->[com.google.firebase:firebase-auth:21.0.1] AndroidManifest.xml:27:9-44:20
37            android:name="com.google.firebase.auth.internal.GenericIdpActivity"
37-->[com.google.firebase:firebase-auth:21.0.1] AndroidManifest.xml:28:13-80
38            android:excludeFromRecents="true"
38-->[com.google.firebase:firebase-auth:21.0.1] AndroidManifest.xml:29:13-46
39            android:exported="true"
39-->[com.google.firebase:firebase-auth:21.0.1] AndroidManifest.xml:30:13-36
40            android:launchMode="singleTask"
40-->[com.google.firebase:firebase-auth:21.0.1] AndroidManifest.xml:31:13-44
41            android:theme="@android:style/Theme.Translucent.NoTitleBar" >
41-->[com.google.firebase:firebase-auth:21.0.1] AndroidManifest.xml:32:13-72
42            <intent-filter>
42-->[com.google.firebase:firebase-auth:21.0.1] AndroidManifest.xml:33:13-43:29
43                <action android:name="android.intent.action.VIEW" />
43-->[com.google.firebase:firebase-auth:21.0.1] AndroidManifest.xml:34:17-69
43-->[com.google.firebase:firebase-auth:21.0.1] AndroidManifest.xml:34:25-66
44
45                <category android:name="android.intent.category.DEFAULT" />
45-->[com.google.firebase:firebase-auth:21.0.1] AndroidManifest.xml:36:17-76
45-->[com.google.firebase:firebase-auth:21.0.1] AndroidManifest.xml:36:27-73
46                <category android:name="android.intent.category.BROWSABLE" />
46-->[com.google.firebase:firebase-auth:21.0.1] AndroidManifest.xml:37:17-78
46-->[com.google.firebase:firebase-auth:21.0.1] AndroidManifest.xml:37:27-75
47
48                <data
48-->[com.google.firebase:firebase-auth:21.0.1] AndroidManifest.xml:39:17-42:51
49                    android:host="firebase.auth"
49-->[com.google.firebase:firebase-auth:21.0.1] AndroidManifest.xml:40:21-49
50                    android:path="/"
50-->[com.google.firebase:firebase-auth:21.0.1] AndroidManifest.xml:41:21-37
51                    android:scheme="genericidp" />
51-->[com.google.firebase:firebase-auth:21.0.1] AndroidManifest.xml:42:21-48
52            </intent-filter>
53        </activity>
54        <activity
54-->[com.google.firebase:firebase-auth:21.0.1] AndroidManifest.xml:45:9-62:20
55            android:name="com.google.firebase.auth.internal.RecaptchaActivity"
55-->[com.google.firebase:firebase-auth:21.0.1] AndroidManifest.xml:46:13-79
56            android:excludeFromRecents="true"
56-->[com.google.firebase:firebase-auth:21.0.1] AndroidManifest.xml:47:13-46
57            android:exported="true"
57-->[com.google.firebase:firebase-auth:21.0.1] AndroidManifest.xml:48:13-36
58            android:launchMode="singleTask"
58-->[com.google.firebase:firebase-auth:21.0.1] AndroidManifest.xml:49:13-44
59            android:theme="@android:style/Theme.Translucent.NoTitleBar" >
59-->[com.google.firebase:firebase-auth:21.0.1] AndroidManifest.xml:50:13-72
60            <intent-filter>
60-->[com.google.firebase:firebase-auth:21.0.1] AndroidManifest.xml:51:13-61:29
61                <action android:name="android.intent.action.VIEW" />
61-->[com.google.firebase:firebase-auth:21.0.1] AndroidManifest.xml:34:17-69
61-->[com.google.firebase:firebase-auth:21.0.1] AndroidManifest.xml:34:25-66
62
63                <category android:name="android.intent.category.DEFAULT" />
63-->[com.google.firebase:firebase-auth:21.0.1] AndroidManifest.xml:36:17-76
63-->[com.google.firebase:firebase-auth:21.0.1] AndroidManifest.xml:36:27-73
64                <category android:name="android.intent.category.BROWSABLE" />
64-->[com.google.firebase:firebase-auth:21.0.1] AndroidManifest.xml:37:17-78
64-->[com.google.firebase:firebase-auth:21.0.1] AndroidManifest.xml:37:27-75
65
66                <data
66-->[com.google.firebase:firebase-auth:21.0.1] AndroidManifest.xml:39:17-42:51
67                    android:host="firebase.auth"
67-->[com.google.firebase:firebase-auth:21.0.1] AndroidManifest.xml:40:21-49
68                    android:path="/"
68-->[com.google.firebase:firebase-auth:21.0.1] AndroidManifest.xml:41:21-37
69                    android:scheme="recaptcha" />
69-->[com.google.firebase:firebase-auth:21.0.1] AndroidManifest.xml:42:21-48
70            </intent-filter>
71        </activity>
72
73        <service
73-->[com.google.firebase:firebase-auth:21.0.1] AndroidManifest.xml:64:9-73:19
74            android:name="com.google.firebase.auth.api.fallback.service.FirebaseAuthFallbackService"
74-->[com.google.firebase:firebase-auth:21.0.1] AndroidManifest.xml:65:13-101
75            android:enabled="true"
75-->[com.google.firebase:firebase-auth:21.0.1] AndroidManifest.xml:66:13-35
76            android:exported="false" >
76-->[com.google.firebase:firebase-auth:21.0.1] AndroidManifest.xml:67:13-37
77            <intent-filter>
77-->[com.google.firebase:firebase-auth:21.0.1] AndroidManifest.xml:68:13-72:29
78                <action android:name="com.google.firebase.auth.api.gms.service.START" />
78-->[com.google.firebase:firebase-auth:21.0.1] AndroidManifest.xml:69:17-89
78-->[com.google.firebase:firebase-auth:21.0.1] AndroidManifest.xml:69:25-86
79
80                <category android:name="android.intent.category.DEFAULT" />
80-->[com.google.firebase:firebase-auth:21.0.1] AndroidManifest.xml:36:17-76
80-->[com.google.firebase:firebase-auth:21.0.1] AndroidManifest.xml:36:27-73
81            </intent-filter>
82        </service>
83        <service
83-->[com.google.firebase:firebase-auth:21.0.1] AndroidManifest.xml:74:9-80:19
84            android:name="com.google.firebase.components.ComponentDiscoveryService"
84-->[com.google.firebase:firebase-auth:21.0.1] AndroidManifest.xml:75:13-84
85            android:directBootAware="true"
85-->[com.google.firebase:firebase-common:20.0.0] AndroidManifest.xml:35:13-43
86            android:exported="false" >
86-->[com.google.firebase:firebase-auth:21.0.1] AndroidManifest.xml:76:13-37
87            <meta-data
87-->[com.google.firebase:firebase-auth:21.0.1] AndroidManifest.xml:77:13-79:85
88                android:name="com.google.firebase.components:com.google.firebase.auth.FirebaseAuthRegistrar"
88-->[com.google.firebase:firebase-auth:21.0.1] AndroidManifest.xml:78:17-109
89                android:value="com.google.firebase.components.ComponentRegistrar" />
89-->[com.google.firebase:firebase-auth:21.0.1] AndroidManifest.xml:79:17-82
90        </service>
91
92        <activity
92-->[com.google.android.gms:play-services-base:17.1.0] AndroidManifest.xml:23:9-26:75
93            android:name="com.google.android.gms.common.api.GoogleApiActivity"
93-->[com.google.android.gms:play-services-base:17.1.0] AndroidManifest.xml:24:13-79
94            android:exported="false"
94-->[com.google.android.gms:play-services-base:17.1.0] AndroidManifest.xml:25:13-37
95            android:theme="@android:style/Theme.Translucent.NoTitleBar" />
95-->[com.google.android.gms:play-services-base:17.1.0] AndroidManifest.xml:26:13-72
96
97        <provider
97-->[com.google.firebase:firebase-common:20.0.0] AndroidManifest.xml:26:9-31:39
98            android:name="com.google.firebase.provider.FirebaseInitProvider"
98-->[com.google.firebase:firebase-common:20.0.0] AndroidManifest.xml:27:13-77
99            android:authorities="com.covidscape.app.firebaseinitprovider"
99-->[com.google.firebase:firebase-common:20.0.0] AndroidManifest.xml:28:13-72
100            android:directBootAware="true"
100-->[com.google.firebase:firebase-common:20.0.0] AndroidManifest.xml:29:13-43
101            android:exported="false"
101-->[com.google.firebase:firebase-common:20.0.0] AndroidManifest.xml:30:13-37
102            android:initOrder="100" />
102-->[com.google.firebase:firebase-common:20.0.0] AndroidManifest.xml:31:13-36
103
104        <meta-data
104-->[com.google.android.gms:play-services-basement:17.1.0] AndroidManifest.xml:23:9-25:69
105            android:name="com.google.android.gms.version"
105-->[com.google.android.gms:play-services-basement:17.1.0] AndroidManifest.xml:24:13-58
106            android:value="@integer/google_play_services_version" />
106-->[com.google.android.gms:play-services-basement:17.1.0] AndroidManifest.xml:25:13-66
107    </application>
108
109</manifest>